<?xml version="1.0" encoding="UTF-8"?>
<!-- Generated by org.testng.reporters.JUnitReportReporter -->
<testsuite hostname="DESKTOP-7GC80RQ" failures="0" tests="4" name="Tests.T1_CheckCartItems" time="43.466" errors="0" timestamp="19 Dec 2021 13:18:26 GMT">
  <testcase classname="Tests.T1_CheckCartItems" name="AddFirstItemToCart" time="2.051"/>
  <testcase classname="Tests.T1_CheckCartItems" name="SelectStore" time="30.979"/>
  <testcase classname="Tests.T1_CheckCartItems" name="CheckCartPage" time="4.231"/>
  <testcase classname="Tests.T1_CheckCartItems" name="searchPeach" time="6.205"/>
</testsuite> <!-- Tests.T1_CheckCartItems -->
